<?xml version="1.0" encoding="UTF-8"?>
<!-- Generated by org.testng.reporters.JUnitReportReporter -->
<testsuite hostname="DESKTOP-38JQG8D" failures="0" tests="1" name="gird.Google_page" time="5.817" errors="0" timestamp="2023-12-30T19:40:40 IST" skipped="0">
  <testcase classname="gird.Google_page" name="HomePageTest" time="5.817"/>
</testsuite> <!-- gird.Google_page -->
